# JRE version: Java(TM) SE Runtime Environment (8.0_171-b11) (build 1.8.0_171-b11)
# Java VM: Java HotSpot(TM) 64-Bit Server VM (25.171-b11 mixed mode windows-amd64 compressed oops)
Heap:
 PSYoungGen      total 245760K, used 140522K [0x0000000704800000, 0x0000000715080000, 0x00000007c0000000)
  eden space 226816K, 54% used [0x0000000704800000,0x000000070bfd28a8,0x0000000712580000)
  from space 18944K, 94% used [0x0000000713e00000,0x0000000714f68290,0x0000000715080000)
  to   space 22016K, 0% used [0x0000000712580000,0x0000000712580000,0x0000000713b00000)
 ParOldGen       total 238080K, used 36443K [0x000000058d800000, 0x000000059c080000, 0x0000000704800000)
  object space 238080K, 15% used [0x000000058d800000,0x000000058fb96fd8,0x000000059c080000)
 Metaspace       used 78794K, capacity 88347K, committed 88576K, reserved 1126400K
  class space    used 10836K, capacity 11413K, committed 11520K, reserved 1048576K
GC Heap History (10 events):
Event: 11.408 GC heap before
{Heap before GC invocations=13 (full 5):
 PSYoungGen      total 168960K, used 128K [0x0000000704800000, 0x0000000710680000, 0x00000007c0000000)
  eden space 147456K, 0% used [0x0000000704800000,0x0000000704800000,0x000000070d800000)
  from space 21504K, 0% used [0x000000070ee80000,0x000000070eea0000,0x0000000710380000)
  to   space 23040K, 0% used [0x000000070d800000,0x000000070d800000,0x000000070ee80000)
 ParOldGen       total 238080K, used 40206K [0x000000058d800000, 0x000000059c080000, 0x0000000704800000)
  object space 238080K, 16% used [0x000000058d800000,0x000000058ff43a18,0x000000059c080000)
 Metaspace       used 66290K, capacity 73917K, committed 74624K, reserved 1114112K
  class space    used 9450K, capacity 9949K, committed 10112K, reserved 1048576K
Event: 11.531 GC heap after
Heap after GC invocations=13 (full 5):
 PSYoungGen      total 168960K, used 0K [0x0000000704800000, 0x0000000710680000, 0x00000007c0000000)
  eden space 147456K, 0% used [0x0000000704800000,0x0000000704800000,0x000000070d800000)
  from space 21504K, 0% used [0x000000070ee80000,0x000000070ee80000,0x0000000710380000)
  to   space 23040K, 0% used [0x000000070d800000,0x000000070d800000,0x000000070ee80000)
 ParOldGen       total 238080K, used 36403K [0x000000058d800000, 0x000000059c080000, 0x0000000704800000)
  object space 238080K, 15% used [0x000000058d800000,0x000000058fb8cfd8,0x000000059c080000)
 Metaspace       used 66290K, capacity 73917K, committed 74624K, reserved 1114112K
  class space    used 9450K, capacity 9949K, committed 10112K, reserved 1048576K
}
Event: 13.265 GC heap before
{Heap before GC invocations=14 (full 5):
 PSYoungGen      total 168960K, used 147456K [0x0000000704800000, 0x0000000710680000, 0x00000007c0000000)
  eden space 147456K, 100% used [0x0000000704800000,0x000000070d800000,0x000000070d800000)
  from space 21504K, 0% used [0x000000070ee80000,0x000000070ee80000,0x0000000710380000)
  to   space 23040K, 0% used [0x000000070d800000,0x000000070d800000,0x000000070ee80000)
 ParOldGen       total 238080K, used 36403K [0x000000058d800000, 0x000000059c080000, 0x0000000704800000)
  object space 238080K, 15% used [0x000000058d800000,0x000000058fb8cfd8,0x000000059c080000)
 Metaspace       used 69755K, capacity 77593K, committed 77824K, reserved 1116160K
  class space    used 9731K, capacity 10213K, committed 10240K, reserved 1048576K
Event: 13.283 GC heap after
Heap after GC invocations=14 (full 5):
 PSYoungGen      total 170496K, used 7656K [0x0000000704800000, 0x0000000713500000, 0x00000007c0000000)
  eden space 147456K, 0% used [0x0000000704800000,0x0000000704800000,0x000000070d800000)
  from space 23040K, 33% used [0x000000070d800000,0x000000070df7a3b8,0x000000070ee80000)
  to   space 22528K, 0% used [0x0000000711f00000,0x0000000711f00000,0x0000000713500000)
 ParOldGen       total 238080K, used 36411K [0x000000058d800000, 0x000000059c080000, 0x0000000704800000)
  object space 238080K, 15% used [0x000000058d800000,0x000000058fb8efd8,0x000000059c080000)
 Metaspace       used 69755K, capacity 77593K, committed 77824K, reserved 1116160K
  class space    used 9731K, capacity 10213K, committed 10240K, reserved 1048576K
}
Event: 15.165 GC heap before
{Heap before GC invocations=15 (full 5):
 PSYoungGen      total 170496K, used 155112K [0x0000000704800000, 0x0000000713500000, 0x00000007c0000000)
  eden space 147456K, 100% used [0x0000000704800000,0x000000070d800000,0x000000070d800000)
  from space 23040K, 33% used [0x000000070d800000,0x000000070df7a3b8,0x000000070ee80000)
  to   space 22528K, 0% used [0x0000000711f00000,0x0000000711f00000,0x0000000713500000)
 ParOldGen       total 238080K, used 36411K [0x000000058d800000, 0x000000059c080000, 0x0000000704800000)
  object space 238080K, 15% used [0x000000058d800000,0x000000058fb8efd8,0x000000059c080000)
 Metaspace       used 70160K, capacity 77977K, committed 78080K, reserved 1118208K
  class space    used 9733K, capacity 10213K, committed 10240K, reserved 1048576K
Event: 15.179 GC heap after
Heap after GC invocations=15 (full 5):
 PSYoungGen      total 208896K, used 10901K [0x0000000704800000, 0x0000000712e80000, 0x00000007c0000000)
  eden space 193024K, 0% used [0x0000000704800000,0x0000000704800000,0x0000000710480000)
  from space 15872K, 68% used [0x0000000711f00000,0x00000007129a5608,0x0000000712e80000)
  to   space 21504K, 0% used [0x0000000710480000,0x0000000710480000,0x0000000711980000)
 ParOldGen       total 238080K, used 36419K [0x000000058d800000, 0x000000059c080000, 0x0000000704800000)
  object space 238080K, 15% used [0x000000058d800000,0x000000058fb90fd8,0x000000059c080000)
 Metaspace       used 70160K, capacity 77977K, committed 78080K, reserved 1118208K
  class space    used 9733K, capacity 10213K, committed 10240K, reserved 1048576K
}
Event: 15.624 GC heap before
{Heap before GC invocations=16 (full 5):
 PSYoungGen      total 208896K, used 203925K [0x0000000704800000, 0x0000000712e80000, 0x00000007c0000000)
  eden space 193024K, 100% used [0x0000000704800000,0x0000000710480000,0x0000000710480000)
  from space 15872K, 68% used [0x0000000711f00000,0x00000007129a5608,0x0000000712e80000)
  to   space 21504K, 0% used [0x0000000710480000,0x0000000710480000,0x0000000711980000)
 ParOldGen       total 238080K, used 36419K [0x000000058d800000, 0x000000059c080000, 0x0000000704800000)
  object space 238080K, 15% used [0x000000058d800000,0x000000058fb90fd8,0x000000059c080000)
 Metaspace       used 70200K, capacity 77977K, committed 78080K, reserved 1118208K
  class space    used 9733K, capacity 10213K, committed 10240K, reserved 1048576K
Event: 15.632 GC heap after
Heap after GC invocations=16 (full 5):
 PSYoungGen      total 214528K, used 11141K [0x0000000704800000, 0x0000000715200000, 0x00000007c0000000)
  eden space 193024K, 0% used [0x0000000704800000,0x0000000704800000,0x0000000710480000)
  from space 21504K, 51% used [0x0000000710480000,0x0000000710f61618,0x0000000711980000)
  to   space 20480K, 0% used [0x0000000713e00000,0x0000000713e00000,0x0000000715200000)
 ParOldGen       total 238080K, used 36435K [0x000000058d800000, 0x000000059c080000, 0x0000000704800000)
  object space 238080K, 15% used [0x000000058d800000,0x000000058fb94fd8,0x000000059c080000)
 Metaspace       used 70200K, capacity 77977K, committed 78080K, reserved 1118208K
  class space    used 9733K, capacity 10213K, committed 10240K, reserved 1048576K
}
Event: 17.962 GC heap before
{Heap before GC invocations=17 (full 5):
 PSYoungGen      total 214528K, used 204165K [0x0000000704800000, 0x0000000715200000, 0x00000007c0000000)
  eden space 193024K, 100% used [0x0000000704800000,0x0000000710480000,0x0000000710480000)
  from space 21504K, 51% used [0x0000000710480000,0x0000000710f61618,0x0000000711980000)
  to   space 20480K, 0% used [0x0000000713e00000,0x0000000713e00000,0x0000000715200000)
 ParOldGen       total 238080K, used 36435K [0x000000058d800000, 0x000000059c080000, 0x0000000704800000)
  object space 238080K, 15% used [0x000000058d800000,0x000000058fb94fd8,0x000000059c080000)
 Metaspace       used 71142K, capacity 79111K, committed 79232K, reserved 1118208K
  class space    used 9868K, capacity 10357K, committed 10368K, reserved 1048576K
Event: 17.972 GC heap after
Heap after GC invocations=17 (full 5):
 PSYoungGen      total 245760K, used 17824K [0x0000000704800000, 0x0000000715080000, 0x00000007c0000000)
  eden space 226816K, 0% used [0x0000000704800000,0x0000000704800000,0x0000000712580000)
  from space 18944K, 94% used [0x0000000713e00000,0x0000000714f68290,0x0000000715080000)
  to   space 22016K, 0% used [0x0000000712580000,0x0000000712580000,0x0000000713b00000)
 ParOldGen       total 238080K, used 36443K [0x000000058d800000, 0x000000059c080000, 0x0000000704800000)
  object space 238080K, 15% used [0x000000058d800000,0x000000058fb96fd8,0x000000059c080000)
 Metaspace       used 71142K, capacity 79111K, committed 79232K, reserved 1118208K
  class space    used 9868K, capacity 10357K, committed 10368K, reserved 1048576K
}

